<?xml version="1.0" encoding="UTF-8"?>
<!-- Generated by org.testng.reporters.JUnitReportReporter -->
<testsuite hostname="DESKTOP-anirban" failures="0" tests="3" name="org.QwertyThoughts.QwertyThoughts" time="24.405" errors="0" timestamp="2023-03-01T00:10:07 IST" skipped="0">
  <testcase classname="org.QwertyThoughts.QwertyThoughts" name="loginTest1" time="7.194"/>
  <system-out/>
  <testcase classname="org.QwertyThoughts.QwertyThoughts" name="loginTest2" time="8.651"/>
  <system-out/>
  <testcase classname="org.QwertyThoughts.QwertyThoughts" name="loginTest3" time="8.560"/>
  <system-out/>
</testsuite> <!-- org.QwertyThoughts.QwertyThoughts -->
